  FunctionObject.cpp
C:\Users\91878\Documents\GitHub\Visual-Diagnostic-Tool-EDI\Visual-Diagnostic-Tool-EDI-master\StackTrace\FunctionObject.cpp(238,21): warning C4018: '<': signed/unsigned mismatch
C:\Users\91878\Documents\GitHub\Visual-Diagnostic-Tool-EDI\Visual-Diagnostic-Tool-EDI-master\StackTrace\FunctionObject.cpp(459,21): warning C4018: '<': signed/unsigned mismatch
C:\Program Files\Microsoft Visual Studio\2022\Community\VC\Tools\MSVC\14.37.32822\include\xstring(2728,53): warning C4244: 'argument': conversion from 'wchar_t' to 'const _Elem', possible loss of data
          with
          [
              _Elem=char
          ]
C:\Program Files\Microsoft Visual Studio\2022\Community\VC\Tools\MSVC\14.37.32822\include\xstring(2584,17): message : see reference to function template instantiation 'void std::basic_string<char,std::char_traits<char>,std::allocator<char>>::_Construct_from_iter<wchar_t*,wchar_t*,_Size_type>(_Iter,const _Sent,_Size)' being compiled
          with
          [
              _Size_type=unsigned int,
              _Iter=wchar_t *,
              _Sent=wchar_t *,
              _Size=unsigned int
          ]
C:\Users\91878\Documents\GitHub\Visual-Diagnostic-Tool-EDI\Visual-Diagnostic-Tool-EDI-master\StackTrace\FunctionObject.cpp(310,28): message : see reference to function template instantiation 'std::basic_string<char,std::char_traits<char>,std::allocator<char>>::basic_string<std::_String_iterator<std::_String_val<std::_Simple_types<_Elem>>>,0>(_Iter,_Iter,const _Alloc &)' being compiled
          with
          [
              _Elem=wchar_t,
              _Iter=std::_String_iterator<std::_String_val<std::_Simple_types<wchar_t>>>,
              _Alloc=std::allocator<char>
          ]
C:\Users\91878\Documents\GitHub\Visual-Diagnostic-Tool-EDI\Visual-Diagnostic-Tool-EDI-master\StackTrace\FunctionObject.cpp(310,28): message : see the first reference to 'std::basic_string<char,std::char_traits<char>,std::allocator<char>>::basic_string' in 'FunctionObject::LoadType'
  StackTrace.vcxproj -> C:\Users\91878\Documents\GitHub\Visual-Diagnostic-Tool-EDI\Visual-Diagnostic-Tool-EDI-master\Debug\StackTrace.exe
