c:\work\coding\visualizing\export\debug\exportstacktrace.pch
c:\work\coding\visualizing\export\debug\vc143.pdb
c:\work\coding\visualizing\export\debug\vc143.idb
c:\work\coding\visualizing\export\debug\pch.obj
c:\work\coding\visualizing\export\debug\stacktrace.obj
c:\work\coding\visualizing\export\debug\functionobject.obj
c:\work\coding\visualizing\export\debug\dllmain.obj
c:\work\coding\visualizing\export\debug\stackframe.obj
c:\work\coding\visualizing\export\debug\export.obj
c:\work\coding\visualizing\export\debug\exportstacktrace.lib
c:\work\coding\visualizing\export\debug\exportstacktrace.exp
c:\work\coding\visualizing\export\debug\exportstacktrace.dll
c:\work\coding\visualizing\export\debug\exportstacktrace.ilk
c:\work\coding\visualizing\export\debug\exportstacktrace.pdb
c:\work\coding\visualizing\export\debug\calc.obj
c:\work\coding\visualizing\export\debug\source.obj
c:\work\coding\visualizing\export\debug\exportstacktrace.tlog\cl.command.1.tlog
c:\work\coding\visualizing\export\debug\exportstacktrace.tlog\cl.items.tlog
c:\work\coding\visualizing\export\debug\exportstacktrace.tlog\cl.read.1.tlog
c:\work\coding\visualizing\export\debug\exportstacktrace.tlog\cl.write.1.tlog
c:\work\coding\visualizing\export\debug\exportstacktrace.tlog\link.command.1.tlog
c:\work\coding\visualizing\export\debug\exportstacktrace.tlog\link.read.1.tlog
c:\work\coding\visualizing\export\debug\exportstacktrace.tlog\link.write.1.tlog
c:\work\coding\visualizing\export\debug\exportstacktrace.tlog\link.write.2u.tlog
